gyp info it worked if it ends with ok
gyp info using node-gyp@9.0.0
gyp info using node@18.0.0 | linux | x64
gyp info find Python using Python version 3.10.6 found at "/usr/bin/python3"
gyp info spawn /usr/bin/python3
gyp info spawn args [
gyp info spawn args   '/home/timotej/.nvm/versions/node/v18.0.0/lib/node_modules/npm/node_modules/node-gyp/gyp/gyp_main.py',
gyp info spawn args   'binding.gyp',
gyp info spawn args   '-f',
gyp info spawn args   'make',
gyp info spawn args   '-I',
gyp info spawn args   '/home/timotej/Desktop/rallysubgraph/node_modules/ursa-optional/build/config.gypi',
gyp info spawn args   '-I',
gyp info spawn args   '/home/timotej/.nvm/versions/node/v18.0.0/lib/node_modules/npm/node_modules/node-gyp/addon.gypi',
gyp info spawn args   '-I',
gyp info spawn args   '/home/timotej/.cache/node-gyp/18.0.0/include/node/common.gypi',
gyp info spawn args   '-Dlibrary=shared_library',
gyp info spawn args   '-Dvisibility=default',
gyp info spawn args   '-Dnode_root_dir=/home/timotej/.cache/node-gyp/18.0.0',
gyp info spawn args   '-Dnode_gyp_dir=/home/timotej/.nvm/versions/node/v18.0.0/lib/node_modules/npm/node_modules/node-gyp',
gyp info spawn args   '-Dnode_lib_file=/home/timotej/.cache/node-gyp/18.0.0/<(target_arch)/node.lib',
gyp info spawn args   '-Dmodule_root_dir=/home/timotej/Desktop/rallysubgraph/node_modules/ursa-optional',
gyp info spawn args   '-Dnode_engine=v8',
gyp info spawn args   '--depth=.',
gyp info spawn args   '--no-parallel',
gyp info spawn args   '--generator-output',
gyp info spawn args   'build',
gyp info spawn args   '-Goutput_dir=.'
gyp info spawn args ]
gyp info spawn make
gyp info spawn args [ 'BUILDTYPE=Release', '-C', 'build' ]
In file included from /home/timotej/.cache/node-gyp/18.0.0/include/node/openssl/rsa.h:14,
                 from ../src/ursaNative.h:13,
                 from ../src/ursaNative.cc:3:
/home/timotej/.cache/node-gyp/18.0.0/include/node/openssl/macros.h:155:4: error: #error "OPENSSL_API_COMPAT expresses an impossible API compatibility level"
  155 | #  error "OPENSSL_API_COMPAT expresses an impossible API compatibility level"
      |    ^~~~~
In file included from ../src/ursaNative.h:9,
                 from ../src/ursaNative.cc:3:
/home/timotej/.cache/node-gyp/18.0.0/include/node/node.h:852:7: warning: cast between incompatible function types from ‘void (*)(v8::Local<v8::Object>)’ to ‘node::addon_register_func’ {aka ‘void (*)(v8::Local<v8::Object>, v8::Local<v8::Value>, void*)’} [-Wcast-function-type]
  852 |       (node::addon_register_func) (regfunc),                          \
      |       ^~~~~~~~~~~~~~~~~~~~~~~~~~~~~~~~~~~~~
/home/timotej/.cache/node-gyp/18.0.0/include/node/node.h:886:3: note: in expansion of macro ‘NODE_MODULE_X’
  886 |   NODE_MODULE_X(modname, regfunc, NULL, 0)  // NOLINT (readability/null_usage)
      |   ^~~~~~~~~~~~~
../src/ursaNative.cc:389:1: note: in expansion of macro ‘NODE_MODULE’
  389 | NODE_MODULE(ursaNative, init)
      | ^~~~~~~~~~~
make: *** [ursaNative.target.mk:113: Release/obj.target/ursaNative/src/ursaNative.o] Error 1
gyp ERR! build error 
gyp ERR! stack Error: `make` failed with exit code: 2
gyp ERR! stack     at ChildProcess.onExit (/home/timotej/.nvm/versions/node/v18.0.0/lib/node_modules/npm/node_modules/node-gyp/lib/build.js:194:23)
gyp ERR! stack     at ChildProcess.emit (node:events:527:28)
gyp ERR! stack     at ChildProcess._handle.onexit (node:internal/child_process:291:12)
gyp ERR! System Linux 5.15.0-53-generic
gyp ERR! command "/home/timotej/.nvm/versions/node/v18.0.0/bin/node" "/home/timotej/.nvm/versions/node/v18.0.0/lib/node_modules/npm/node_modules/node-gyp/bin/node-gyp.js" "rebuild"
gyp ERR! cwd /home/timotej/Desktop/rallysubgraph/node_modules/ursa-optional
gyp ERR! node -v v18.0.0
gyp ERR! node-gyp -v v9.0.0
gyp ERR! not ok 
